<?xml version="1.0" encoding="UTF-8"?>
<!-- Generated by org.testng.reporters.JUnitXMLReporter -->
<testsuite ignored="0" hostname="DESKTOP-3HEUE9S" failures="0" tests="6" name="Default test" time="32.444" errors="0" timestamp="2021-11-15T20:21:31 IST">
  <testcase classname="TestScripts.DataProviderDemo" name="launchBrowser" time="3.107"/>
  <testcase classname="TestScripts.DataProviderDemo" name="navigate" time="2.535"/>
  <testcase classname="TestScripts.DataProviderDemo" name="login" time="8.882"/>
  <testcase classname="TestScripts.DataProviderDemo" name="login" time="8.609"/>
  <testcase classname="TestScripts.DataProviderDemo" name="login" time="8.921"/>
  <testcase classname="TestScripts.DataProviderDemo" name="closeApplication" time="0.313"/>
</testsuite> <!-- Default test -->
