<?xml version="1.0" encoding="UTF-8"?>
<!-- Generated by org.testng.reporters.JUnitXMLReporter -->
<testsuite ignored="0" hostname="DESKTOP-3HEUE9S" failures="0" tests="3" name="Users and Products" time="0.081" errors="0" timestamp="2021-11-14T22:42:08 IST">
  <testcase classname="com.sgtesting.tests.userswithparameter.UsersWithParameter" name="createUser" time="0.008"/>
  <testcase classname="com.sgtesting.tests.userswithparameter.UsersWithParameter" name="deleteUser" time="0.001"/>
  <testcase classname="com.sgtesting.tests.userswithparameter.UsersWithParameter" name="modifyUser" time="0.002"/>
</testsuite> <!-- Users and Products -->
