<?xml version="1.0" encoding="UTF-8"?>
<!-- Generated by org.testng.reporters.JUnitXMLReporter -->
<testsuite ignored="0" hostname="DESKTOP-3HEUE9S" failures="0" tests="6" name="Default test" time="29.703" errors="0" timestamp="2021-11-19T15:50:40 IST">
  <testcase classname="com.sgtesting.ActiTimescenarious.Assignment1" name="launchBrowser" time="2.402"/>
  <testcase classname="com.sgtesting.ActiTimescenarious.Assignment1" name="navigate" time="1.268"/>
  <testcase classname="com.sgtesting.ActiTimescenarious.Assignment1" name="login" time="15.184"/>
  <testcase classname="com.sgtesting.ActiTimescenarious.Assignment1" name="deleteUser" time="8.208"/>
  <testcase classname="com.sgtesting.ActiTimescenarious.Assignment1" name="logout" time="2.324"/>
  <testcase classname="com.sgtesting.ActiTimescenarious.Assignment1" name="closeApplication" time="0.253"/>
</testsuite> <!-- Default test -->
