<?xml version="1.0" encoding="UTF-8"?>
<!-- Generated by org.testng.reporters.JUnitXMLReporter -->
<testsuite ignored="0" hostname="DESKTOP-3HEUE9S" failures="0" tests="3" name="Products" time="0.028" errors="0" timestamp="2021-11-14T22:43:09 IST">
  <testcase classname="com.sgtesting.tests.products.Products" name="createProduct" time="0.002"/>
  <testcase classname="com.sgtesting.tests.products.Products" name="deleteProduct" time="0.006"/>
  <testcase classname="com.sgtesting.tests.products.Products" name="modifyProduct" time="0.004"/>
</testsuite> <!-- Products -->
