<?xml version="1.0" encoding="UTF-8"?>
<!-- Generated by org.testng.reporters.JUnitXMLReporter -->
<testsuite ignored="0" hostname="DESKTOP-3HEUE9S" failures="0" tests="3" name="Users" time="0.078" errors="0" timestamp="2021-11-14T22:43:09 IST">
  <testcase classname="com.sgtesting.tests.users.Users" name="createUser" time="0.007"/>
  <testcase classname="com.sgtesting.tests.users.Users" name="deleteUser" time="0.002"/>
  <testcase classname="com.sgtesting.tests.users.Users" name="modifyUser" time="0.003"/>
</testsuite> <!-- Users -->
