<?xml version="1.0" encoding="UTF-8"?>
<testng-results ignored="0" total="6" passed="6" failed="0" skipped="0">
  <reporter-output>
  </reporter-output>
  <suite started-at="2021-11-19T15:50:11 IST" name="Default suite" finished-at="2021-11-19T15:50:40 IST" duration-ms="29703">
    <groups>
    </groups>
    <test started-at="2021-11-19T15:50:11 IST" name="Default test" finished-at="2021-11-19T15:50:40 IST" duration-ms="29703">
      <class name="com.sgtesting.ActiTimescenarious.Assignment1">
        <test-method signature="launchBrowser()[pri:1, instance:com.sgtesting.ActiTimescenarious.Assignment1@5386659f]" started-at="2021-11-19T15:50:11 IST" name="launchBrowser" finished-at="2021-11-19T15:50:13 IST" duration-ms="2402" status="PASS">
          <reporter-output>
          </reporter-output>
        </test-method> <!-- launchBrowser -->
        <test-method signature="navigate()[pri:2, instance:com.sgtesting.ActiTimescenarious.Assignment1@5386659f]" started-at="2021-11-19T15:50:13 IST" name="navigate" finished-at="2021-11-19T15:50:14 IST" duration-ms="1268" status="PASS">
          <reporter-output>
          </reporter-output>
        </test-method> <!-- navigate -->
        <test-method signature="login(java.lang.String,java.lang.String,java.lang.String,java.lang.String,java.lang.String,java.lang.String,java.lang.String,java.lang.String,java.lang.String)[pri:3, instance:com.sgtesting.ActiTimescenarious.Assignment1@5386659f]" started-at="2021-11-19T15:50:14 IST" name="login" data-provider="Loginasadmincreateuser" finished-at="2021-11-19T15:50:30 IST" duration-ms="15184" status="PASS">
          <params>
            <param index="0">
              <value>
                <![CDATA[admin]]>
              </value>
            </param>
            <param index="1">
              <value>
                <![CDATA[manager]]>
              </value>
            </param>
            <param index="2">
              <value>
                <![CDATA[Gowtham]]>
              </value>
            </param>
            <param index="3">
              <value>
                <![CDATA[R]]>
              </value>
            </param>
            <param index="4">
              <value>
                <![CDATA[Nayak]]>
              </value>
            </param>
            <param index="5">
              <value>
                <![CDATA[gautham.n12@gmail.com]]>
              </value>
            </param>
            <param index="6">
              <value>
                <![CDATA[Gowtham1]]>
              </value>
            </param>
            <param index="7">
              <value>
                <![CDATA[123]]>
              </value>
            </param>
            <param index="8">
              <value>
                <![CDATA[123]]>
              </value>
            </param>
          </params>
          <reporter-output>
          </reporter-output>
        </test-method> <!-- login -->
        <test-method signature="deleteUser()[pri:4, instance:com.sgtesting.ActiTimescenarious.Assignment1@5386659f]" started-at="2021-11-19T15:50:30 IST" name="deleteUser" finished-at="2021-11-19T15:50:38 IST" duration-ms="8208" status="PASS">
          <reporter-output>
          </reporter-output>
        </test-method> <!-- deleteUser -->
        <test-method signature="logout()[pri:5, instance:com.sgtesting.ActiTimescenarious.Assignment1@5386659f]" started-at="2021-11-19T15:50:38 IST" name="logout" finished-at="2021-11-19T15:50:40 IST" duration-ms="2324" status="PASS">
          <reporter-output>
          </reporter-output>
        </test-method> <!-- logout -->
        <test-method signature="closeApplication()[pri:6, instance:com.sgtesting.ActiTimescenarious.Assignment1@5386659f]" started-at="2021-11-19T15:50:40 IST" name="closeApplication" finished-at="2021-11-19T15:50:40 IST" duration-ms="253" status="PASS">
          <reporter-output>
          </reporter-output>
        </test-method> <!-- closeApplication -->
      </class> <!-- com.sgtesting.ActiTimescenarious.Assignment1 -->
    </test> <!-- Default test -->
  </suite> <!-- Default suite -->
</testng-results>
