<?xml version="1.0" encoding="UTF-8"?>
<testng-results ignored="0" total="2" passed="2" failed="0" skipped="0">
  <reporter-output>
  </reporter-output>
  <suite started-at="2021-11-16T13:35:01 IST" name="Default suite" finished-at="2021-11-16T13:35:01 IST" duration-ms="77">
    <groups>
    </groups>
    <test started-at="2021-11-16T13:35:01 IST" name="Default test" finished-at="2021-11-16T13:35:01 IST" duration-ms="77">
      <class name="com.sgtesting.softassertions.AssertNullDemo">
        <test-method signature="assertNotNullDemo()[pri:0, instance:com.sgtesting.softassertions.AssertNullDemo@4a668b6e]" started-at="2021-11-16T13:35:01 IST" name="assertNotNullDemo" finished-at="2021-11-16T13:35:01 IST" duration-ms="13" status="PASS">
          <reporter-output>
          </reporter-output>
        </test-method> <!-- assertNotNullDemo -->
        <test-method signature="assertNullDemo()[pri:0, instance:com.sgtesting.softassertions.AssertNullDemo@4a668b6e]" started-at="2021-11-16T13:35:01 IST" name="assertNullDemo" finished-at="2021-11-16T13:35:01 IST" duration-ms="3" status="PASS">
          <reporter-output>
          </reporter-output>
        </test-method> <!-- assertNullDemo -->
      </class> <!-- com.sgtesting.softassertions.AssertNullDemo -->
    </test> <!-- Default test -->
  </suite> <!-- Default suite -->
</testng-results>
