<?xml version="1.0" encoding="UTF-8"?>
<!-- Generated by org.testng.reporters.JUnitXMLReporter -->
<testsuite ignored="0" hostname="DESKTOP-3HEUE9S" failures="0" tests="2" name="Default test" time="0.068" errors="0" timestamp="2021-11-14T22:44:32 IST">
  <testcase classname="com.sgtesting.tests.annotationssummary.AnnotationsSummary" name="test1_Annotations" time="0.009"/>
  <testcase classname="com.sgtesting.tests.annotationssummary.AnnotationsSummary" name="test2_Annotations" time="0.003"/>
</testsuite> <!-- Default test -->
