<?xml version="1.0" encoding="UTF-8"?>
<!-- Generated by org.testng.reporters.JUnitXMLReporter -->
<testsuite ignored="0" hostname="DESKTOP-3HEUE9S" failures="0" tests="2" name="Default test" time="0.077" errors="0" timestamp="2021-11-16T13:35:01 IST">
  <testcase classname="com.sgtesting.softassertions.AssertNullDemo" name="assertNotNullDemo" time="0.013"/>
  <testcase classname="com.sgtesting.softassertions.AssertNullDemo" name="assertNullDemo" time="0.003"/>
</testsuite> <!-- Default test -->
