<?xml version="1.0" encoding="UTF-8"?>
<!-- Generated by org.testng.reporters.JUnitXMLReporter -->
<testsuite ignored="0" hostname="DESKTOP-3HEUE9S" failures="0" tests="62" name="7 Assignments Scenarious" time="317.937" errors="0" timestamp="2021-11-17T14:31:42 IST">
  <testcase classname="com.sgtesting.ActiTimescenarious.Assignment1" name="launchBrowser" time="2.885"/>
  <testcase classname="com.sgtesting.ActiTimescenarious.Assignment1" name="navigate" time="1.758"/>
  <testcase classname="com.sgtesting.ActiTimescenarious.Assignment1" name="login" time="17.583"/>
  <testcase classname="com.sgtesting.ActiTimescenarious.Assignment1" name="deleteUser" time="8.195"/>
  <testcase classname="com.sgtesting.ActiTimescenarious.Assignment1" name="logout" time="2.312"/>
  <testcase classname="com.sgtesting.ActiTimescenarious.Assignment1" name="closeApplication" time="0.283"/>
  <testcase classname="com.sgtesting.ActiTimescenarious.Assignment2" name="launchBrowser" time="1.04"/>
  <testcase classname="com.sgtesting.ActiTimescenarious.Assignment2" name="navigate" time="1.695"/>
  <testcase classname="com.sgtesting.ActiTimescenarious.Assignment2" name="login" time="21.659"/>
  <testcase classname="com.sgtesting.ActiTimescenarious.Assignment2" name="deleteUser" time="8.175"/>
  <testcase classname="com.sgtesting.ActiTimescenarious.Assignment2" name="logout" time="2.306"/>
  <testcase classname="com.sgtesting.ActiTimescenarious.Assignment2" name="closeApplication" time="0.301"/>
  <testcase classname="com.sgtesting.ActiTimescenarious.Assignment3" name="launchBrowser" time="1.284"/>
  <testcase classname="com.sgtesting.ActiTimescenarious.Assignment3" name="navigate" time="1.442"/>
  <testcase classname="com.sgtesting.ActiTimescenarious.Assignment3" name="login" time="4.301"/>
  <testcase classname="com.sgtesting.ActiTimescenarious.Assignment3" name="minimizeFlyOutWindow" time="2.071"/>
  <testcase classname="com.sgtesting.ActiTimescenarious.Assignment3" name="createCustamer" time="12.034"/>
  <testcase classname="com.sgtesting.ActiTimescenarious.Assignment3" name="deleteCustomer" time="7.342"/>
  <testcase classname="com.sgtesting.ActiTimescenarious.Assignment3" name="logout" time="2.28"/>
  <testcase classname="com.sgtesting.ActiTimescenarious.Assignment3" name="closeApplication" time="0.238"/>
  <testcase classname="com.sgtesting.ActiTimescenarious.Assignment4" name="launchBrowser" time="1.327"/>
  <testcase classname="com.sgtesting.ActiTimescenarious.Assignment4" name="navigate" time="1.539"/>
  <testcase classname="com.sgtesting.ActiTimescenarious.Assignment4" name="login" time="4.306"/>
  <testcase classname="com.sgtesting.ActiTimescenarious.Assignment4" name="minimizeFlyOutWindow" time="2.088"/>
  <testcase classname="com.sgtesting.ActiTimescenarious.Assignment4" name="createCustamer" time="10.014"/>
  <testcase classname="com.sgtesting.ActiTimescenarious.Assignment4" name="ModifyCustomer" time="8.282"/>
  <testcase classname="com.sgtesting.ActiTimescenarious.Assignment4" name="deleteCustomer" time="6.258"/>
  <testcase classname="com.sgtesting.ActiTimescenarious.Assignment4" name="logout" time="2.274"/>
  <testcase classname="com.sgtesting.ActiTimescenarious.Assignment4" name="closeApplication" time="0.237"/>
  <testcase classname="com.sgtesting.ActiTimescenarious.Assignment5" name="launchBrowser" time="1.056"/>
  <testcase classname="com.sgtesting.ActiTimescenarious.Assignment5" name="navigate" time="1.487"/>
  <testcase classname="com.sgtesting.ActiTimescenarious.Assignment5" name="login" time="4.301"/>
  <testcase classname="com.sgtesting.ActiTimescenarious.Assignment5" name="minimizeFlyOutWindow" time="2.098"/>
  <testcase classname="com.sgtesting.ActiTimescenarious.Assignment5" name="createCustamer" time="10.076"/>
  <testcase classname="com.sgtesting.ActiTimescenarious.Assignment5" name="CreateProject" time="12.458"/>
  <testcase classname="com.sgtesting.ActiTimescenarious.Assignment5" name="DeleteProject" time="8.287"/>
  <testcase classname="com.sgtesting.ActiTimescenarious.Assignment5" name="deleteCustomer" time="6.301"/>
  <testcase classname="com.sgtesting.ActiTimescenarious.Assignment5" name="logout" time="2.303"/>
  <testcase classname="com.sgtesting.ActiTimescenarious.Assignment5" name="closeApplication" time="0.24"/>
  <testcase classname="com.sgtesting.ActiTimescenarious.Assignment6" name="launchBrowser" time="1.085"/>
  <testcase classname="com.sgtesting.ActiTimescenarious.Assignment6" name="navigate" time="1.588"/>
  <testcase classname="com.sgtesting.ActiTimescenarious.Assignment6" name="login" time="4.405"/>
  <testcase classname="com.sgtesting.ActiTimescenarious.Assignment6" name="minimizeFlyOutWindow" time="2.084"/>
  <testcase classname="com.sgtesting.ActiTimescenarious.Assignment6" name="createCustamer" time="10.043"/>
  <testcase classname="com.sgtesting.ActiTimescenarious.Assignment6" name="CreateProject" time="12.408"/>
  <testcase classname="com.sgtesting.ActiTimescenarious.Assignment6" name="ModifyProject" time="10.345"/>
  <testcase classname="com.sgtesting.ActiTimescenarious.Assignment6" name="DeleteProject" time="8.243"/>
  <testcase classname="com.sgtesting.ActiTimescenarious.Assignment6" name="deleteCustomer" time="6.284"/>
  <testcase classname="com.sgtesting.ActiTimescenarious.Assignment6" name="logout" time="2.311"/>
  <testcase classname="com.sgtesting.ActiTimescenarious.Assignment6" name="closeApplication" time="0.224"/>
  <testcase classname="com.sgtesting.ActiTimescenarious.Assignment7" name="launchBrowser" time="1.023"/>
  <testcase classname="com.sgtesting.ActiTimescenarious.Assignment7" name="navigate" time="1.61"/>
  <testcase classname="com.sgtesting.ActiTimescenarious.Assignment7" name="login" time="4.3"/>
  <testcase classname="com.sgtesting.ActiTimescenarious.Assignment7" name="minimizeFlyOutWindow" time="2.071"/>
  <testcase classname="com.sgtesting.ActiTimescenarious.Assignment7" name="createCustamer" time="10.112"/>
  <testcase classname="com.sgtesting.ActiTimescenarious.Assignment7" name="CreateProject" time="12.441"/>
  <testcase classname="com.sgtesting.ActiTimescenarious.Assignment7" name="CreateTask" time="12.454"/>
  <testcase classname="com.sgtesting.ActiTimescenarious.Assignment7" name="DeleteTask" time="13.373"/>
  <testcase classname="com.sgtesting.ActiTimescenarious.Assignment7" name="DeleteProject" time="8.316"/>
  <testcase classname="com.sgtesting.ActiTimescenarious.Assignment7" name="deleteCustomer" time="6.271"/>
  <testcase classname="com.sgtesting.ActiTimescenarious.Assignment7" name="logout" time="2.317"/>
  <testcase classname="com.sgtesting.ActiTimescenarious.Assignment7" name="closeApplication" time="0.302"/>
</testsuite> <!-- 7 Assignments Scenarious -->
