<?xml version="1.0" encoding="UTF-8"?>
<testng-results ignored="0" total="6" passed="6" failed="0" skipped="0">
  <reporter-output>
  </reporter-output>
  <suite started-at="2021-11-15T20:20:58 IST" name="Default suite" finished-at="2021-11-15T20:21:31 IST" duration-ms="32444">
    <groups>
    </groups>
    <test started-at="2021-11-15T20:20:58 IST" name="Default test" finished-at="2021-11-15T20:21:31 IST" duration-ms="32444">
      <class name="TestScripts.DataProviderDemo">
        <test-method signature="launchBrowser()[pri:1, instance:TestScripts.DataProviderDemo@49c7b90e]" started-at="2021-11-15T20:20:58 IST" name="launchBrowser" finished-at="2021-11-15T20:21:01 IST" duration-ms="3107" status="PASS">
          <reporter-output>
          </reporter-output>
        </test-method> <!-- launchBrowser -->
        <test-method signature="navigate()[pri:2, instance:TestScripts.DataProviderDemo@49c7b90e]" started-at="2021-11-15T20:21:01 IST" name="navigate" finished-at="2021-11-15T20:21:04 IST" duration-ms="2535" status="PASS">
          <reporter-output>
          </reporter-output>
        </test-method> <!-- navigate -->
        <test-method signature="login(java.lang.String,java.lang.String)[pri:3, instance:TestScripts.DataProviderDemo@49c7b90e]" started-at="2021-11-15T20:21:04 IST" name="login" data-provider="credentails" finished-at="2021-11-15T20:21:13 IST" duration-ms="8882" status="PASS">
          <params>
            <param index="0">
              <value>
                <![CDATA[admin]]>
              </value>
            </param>
            <param index="1">
              <value>
                <![CDATA[manager]]>
              </value>
            </param>
          </params>
          <reporter-output>
          </reporter-output>
        </test-method> <!-- login -->
        <test-method signature="login(java.lang.String,java.lang.String)[pri:3, instance:TestScripts.DataProviderDemo@49c7b90e]" started-at="2021-11-15T20:21:13 IST" name="login" data-provider="credentails" finished-at="2021-11-15T20:21:21 IST" duration-ms="8609" status="PASS">
          <params>
            <param index="0">
              <value>
                <![CDATA[admin]]>
              </value>
            </param>
            <param index="1">
              <value>
                <![CDATA[manager]]>
              </value>
            </param>
          </params>
          <reporter-output>
          </reporter-output>
        </test-method> <!-- login -->
        <test-method signature="login(java.lang.String,java.lang.String)[pri:3, instance:TestScripts.DataProviderDemo@49c7b90e]" started-at="2021-11-15T20:21:21 IST" name="login" data-provider="credentails" finished-at="2021-11-15T20:21:30 IST" duration-ms="8921" status="PASS">
          <params>
            <param index="0">
              <value>
                <![CDATA[admin]]>
              </value>
            </param>
            <param index="1">
              <value>
                <![CDATA[manager]]>
              </value>
            </param>
          </params>
          <reporter-output>
          </reporter-output>
        </test-method> <!-- login -->
        <test-method signature="closeApplication()[pri:4, instance:TestScripts.DataProviderDemo@49c7b90e]" started-at="2021-11-15T20:21:30 IST" name="closeApplication" finished-at="2021-11-15T20:21:31 IST" duration-ms="313" status="PASS">
          <reporter-output>
          </reporter-output>
        </test-method> <!-- closeApplication -->
      </class> <!-- TestScripts.DataProviderDemo -->
    </test> <!-- Default test -->
  </suite> <!-- Default suite -->
</testng-results>
