<?xml version="1.0" encoding="UTF-8"?>
<testng-results ignored="0" total="1" passed="1" failed="0" skipped="0">
  <reporter-output>
  </reporter-output>
  <suite started-at="2021-11-26T21:55:58 IST" name="Automation" finished-at="2021-11-26T21:56:55 IST" duration-ms="56795">
    <groups>
    </groups>
    <test started-at="2021-11-26T21:55:58 IST" name="ActiTime TestScript" finished-at="2021-11-26T21:56:55 IST" duration-ms="56795">
      <class name="driverscript.DriverScript">
        <test-method is-config="true" signature="loadFiles()[pri:0, instance:driverscript.DriverScript@4fb3ee4e]" started-at="2021-11-26T21:55:58 IST" name="loadFiles" finished-at="2021-11-26T21:55:58 IST" duration-ms="37" status="PASS">
          <reporter-output>
          </reporter-output>
        </test-method> <!-- loadFiles -->
        <test-method signature="executeScenarios()[pri:0, instance:driverscript.DriverScript@4fb3ee4e]" started-at="2021-11-26T21:55:58 IST" name="executeScenarios" finished-at="2021-11-26T21:56:55 IST" duration-ms="56698" status="PASS">
          <reporter-output>
          </reporter-output>
        </test-method> <!-- executeScenarios -->
      </class> <!-- driverscript.DriverScript -->
    </test> <!-- ActiTime TestScript -->
  </suite> <!-- Automation -->
</testng-results>
